Using pre-set license
Built from '2021.1/staging' branch; Version is '2021.1.6f1 (c0fade0cc7e9) revision 12647134'; Using compiler version '192528614'; Build Type 'Release'
OS: 'Windows 10 Home Single Language; OS build 22000.613; Version 2009; 64bit' Language: 'en' Physical Memory: 7886 MB
BatchMode: 1, IsHumanControllingUs: 0, StartBugReporterOnCrash: 0, Is64bit: 1, IsPro: 0

 COMMAND LINE ARGUMENTS:
C:\Program Files\Unity\Hub\Editor\2021.1.6f1\Editor\Unity.exe
-adb2
-batchMode
-noUpm
-name
AssetImportWorker0
-projectPath
E:/UNITY PROJECTS/Ball Runner/visual Scripting/Ball Runner Game
-logFile
Logs/AssetImportWorker0.log
-srvPort
61861
Successfully changed project path to: E:/UNITY PROJECTS/Ball Runner/visual Scripting/Ball Runner Game
E:/UNITY PROJECTS/Ball Runner/visual Scripting/Ball Runner Game
Using Asset Import Pipeline V2.
Refreshing native plugins compatible for Editor in 57.07 ms, found 0 plugins.
Preloading 0 native plugins for Editor in 0.00 ms.
Initialize engine version: 2021.1.6f1 (c0fade0cc7e9)
[Subsystems] Discovering subsystems at path C:/Program Files/Unity/Hub/Editor/2021.1.6f1/Editor/Data/Resources/UnitySubsystems
[Subsystems] Discovering subsystems at path E:/UNITY PROJECTS/Ball Runner/visual Scripting/Ball Runner Game/Assets
GfxDevice: creating device client; threaded=0; jobified=0
Direct3D:
    Version:  Direct3D 11.0 [level 11.1]
    Renderer: Intel(R) Iris(R) Xe Graphics (ID=0x9a49)
    Vendor:   Intel
    VRAM:     3943 MB
    Driver:   30.0.101.1631
Initialize mono
Mono path[0] = 'C:/Program Files/Unity/Hub/Editor/2021.1.6f1/Editor/Data/Managed'
Mono path[1] = 'C:/Program Files/Unity/Hub/Editor/2021.1.6f1/Editor/Data/MonoBleedingEdge/lib/mono/unityjit'
Mono config path = 'C:/Program Files/Unity/Hub/Editor/2021.1.6f1/Editor/Data/MonoBleedingEdge/etc'
Using monoOptions --debugger-agent=transport=dt_socket,embedding=1,server=y,suspend=n,address=127.0.0.1:56860
Begin MonoManager ReloadAssembly
Registering precompiled unity dll's ...
Register platform support module: C:/Program Files/Unity/Hub/Editor/2021.1.6f1/Editor/Data/PlaybackEngines/WindowsStandaloneSupport/UnityEditor.WindowsStandalone.Extensions.dll
Registered in 0.003301 seconds.
Native extension for WindowsStandalone target not found
Refreshing native plugins compatible for Editor in 59.39 ms, found 0 plugins.
Preloading 0 native plugins for Editor in 0.00 ms.
Mono: successfully reloaded assembly
- Completed reload, in  4.493 seconds
Platform modules already initialized, skipping
Registering precompiled user dll's ...
Registered in 0.002989 seconds.
Begin MonoManager ReloadAssembly
Native extension for WindowsStandalone target not found
Refreshing native plugins compatible for Editor in 0.54 ms, found 0 plugins.
Preloading 0 native plugins for Editor in 0.00 ms.
Mono: successfully reloaded assembly
- Completed reload, in  0.761 seconds
Platform modules already initialized, skipping
========================================================================
Worker process is ready to serve import requests
Launched and connected shader compiler UnityShaderCompiler.exe after 0.05 seconds
Refreshing native plugins compatible for Editor in 0.86 ms, found 0 plugins.
Preloading 0 native plugins for Editor in 0.00 ms.
Unloading 1222 Unused Serialized files (Serialized files now loaded: 0)
System memory in use before: 171.4 MB.
System memory in use after: 171.4 MB.

Unloading 9 unused Assets to reduce memory usage. Loaded Objects now: 1735.
Total: 2.430400 ms (FindLiveObjects: 0.153800 ms CreateObjectMapping: 0.027100 ms MarkObjects: 2.063000 ms  DeleteObjects: 0.184800 ms)

========================================================================
Received Import Request.
  path: Assets/Scripts/Interactable Objects/BallRunner 1.png
  artifactKey: Guid(c245df67c1700a141a42a831842125ad) Importer(815301076,1909f56bfc062723c751e8b465ee728b)
Start importing Assets/Scripts/Interactable Objects/BallRunner 1.png using Guid(c245df67c1700a141a42a831842125ad) Importer(815301076,1909f56bfc062723c751e8b465ee728b)  -> (artifact id: 'a19f8d57b704654b0aa8bdaefbd9043a') in 0.134191 seconds 
========================================================================
Received Import Request.
  Time since last request: 48.550552 seconds.
  path: Assets/Scenes/extra/Player.prefab
  artifactKey: Guid(03d3fe6ef937103478dc49fd32d5ed3f) Importer(815301076,1909f56bfc062723c751e8b465ee728b)
Start importing Assets/Scenes/extra/Player.prefab using Guid(03d3fe6ef937103478dc49fd32d5ed3f) Importer(815301076,1909f56bfc062723c751e8b465ee728b)  -> (artifact id: '78f8fedeeb880d5707adb4f691ed6a4e') in 0.083857 seconds 
========================================================================
Received Import Request.
  Time since last request: 8.104018 seconds.
  path: Assets/Scenes/OpenMountainsMap.unity
  artifactKey: Guid(e51af1161ac8bd14cae74802dfc15ff3) Importer(815301076,1909f56bfc062723c751e8b465ee728b)
Start importing Assets/Scenes/OpenMountainsMap.unity using Guid(e51af1161ac8bd14cae74802dfc15ff3) Importer(815301076,1909f56bfc062723c751e8b465ee728b)  -> (artifact id: '8962bd68c67595ac512faef148be75d4') in 0.010974 seconds 
