
=== Sat May  8 16:55:48 2021

Packages were changed.
Update Mode: mergeDefaultDependencies

The following packages were added:
  com.unity.collab-proxy@1.3.9
  com.unity.ide.visualstudio@2.0.7
  com.unity.modules.ai@1.0.0
  com.unity.modules.cloth@1.0.0
  com.unity.modules.director@1.0.0
  com.unity.modules.physics2d@1.0.0
  com.unity.modules.terrain@1.0.0
  com.unity.modules.terrainphysics@1.0.0
  com.unity.modules.tilemap@1.0.0
  com.unity.modules.vehicles@1.0.0
  com.unity.modules.vr@1.0.0
  com.unity.modules.wind@1.0.0
  com.unity.modules.xr@1.0.0
  com.unity.timeline@1.5.4
  com.unity.visualscripting@1.5.2
The following packages were updated:
  com.unity.ide.rider from version 1.1.4 to 3.0.6
  com.unity.mobile.android-logcat from version 1.2.0 to 1.2.1
  com.unity.mobile.notifications from version 1.0.3 to 1.3.2
  com.unity.test-framework from version 1.1.20 to 1.1.24
  com.unity.textmeshpro from version 2.1.3 to 3.0.4

=== Sun Aug 29 10:23:07 2021

Packages were changed.
Update Mode: resetToDefaultDependencies

The following packages were added:
  com.unity.textmeshpro@3.0.4
The following packages were removed:
  com.unity.cinemachine@2.7.4
  com.unity.mobile.android-logcat@1.2.2
  com.unity.mobile.notifications@1.3.2
  com.unity.visualeffectgraph@11.0.0

=== Sat Apr 30 16:09:05 2022

Packages were changed.
Update Mode: mergeDefaultDependencies

The following packages were added:
  com.unity.2d.animation@5.0.9
  com.unity.2d.sprite@1.0.0
  com.unity.2d.spriteshape@5.1.5
  com.unity.modules.terrain@1.0.0
  com.unity.modules.terrainphysics@1.0.0

=== Tue Aug 29 16:52:13 2023

Packages were changed.
Update Mode: updateDependencies

The following packages were updated:
  com.unity.2d.animation from version 5.0.9 to 7.0.11
  com.unity.2d.spriteshape from version 5.1.5 to 7.0.7
  com.unity.ads from version 4.2.1 to 4.4.2
  com.unity.cinemachine from version 2.7.9 to 2.8.9
  com.unity.ide.visualstudio from version 2.0.15 to 2.0.18
  com.unity.test-framework from version 1.1.31 to 1.1.33
  com.unity.timeline from version 1.5.7 to 1.6.5
